<?xml version="1.0" encoding="UTF-8"?>
<!-- Generated by org.testng.reporters.JUnitReportReporter -->
<testsuite hostname="DESKTOP-2L70A79" failures="0" tests="1" name="testScripts.AddCourseTest" time="6.739" errors="0" timestamp="2024-03-12T16:06:49 IST" skipped="0">
  <testcase classname="testScripts.AddCourseTest" name="addCourseTest" time="6.739"/>
  <system-out/>
</testsuite> <!-- testScripts.AddCourseTest -->
